INFO:root:[Errno 2] No such file or directory: '/mnt/c/Users/Anderson/Desktop/idea/data-sage/topology_files/5d2ee66752f4232d4904d6818d00df57.raven-topology'
DEBUG:root:('Failed to retrieve database topology from all known nodes', [('https://a.free.lucaovascao.ravendb.cloud', OSError('Could not find the TLS certificate file, invalid path: C:\\Users\\Anderson\\Downloads\\free.lucaovascao.client.certificate\\PEM\\free.lucaovascao.client.certificate.pem'))])
INFO:root:[Errno 2] No such file or directory: '/mnt/c/Users/Anderson/Desktop/idea/data-sage/topology_files/5d2ee66752f4232d4904d6818d00df57.raven-topology'
DEBUG:root:('Failed to retrieve database topology from all known nodes', [('https://a.free.lucaovascao.ravendb.cloud', OSError('Could not find the TLS certificate file, invalid path: C:\\Users\\Anderson\\Downloads\\free.lucaovascao.client.certificate\\PEM\\free.lucaovascao.client.certificate.pem'))])
INFO:root:[Errno 2] No such file or directory: '/mnt/c/Users/Anderson/Desktop/idea/data-sage/topology_files/5d2ee66752f4232d4904d6818d00df57.raven-topology'
DEBUG:root:('Failed to retrieve database topology from all known nodes', [('https://a.free.lucaovascao.ravendb.cloud', OSError('Could not find the TLS certificate file, invalid path: C:\\Users\\Anderson\\Downloads\\free.lucaovascao.client.certificate\\PEM\\free.lucaovascao.client.certificate.pem'))])
INFO:root:[Errno 2] No such file or directory: '/mnt/c/Users/Anderson/Desktop/idea/data-sage/topology_files/5d2ee66752f4232d4904d6818d00df57.raven-topology'
DEBUG:root:('Failed to retrieve database topology from all known nodes', [('https://a.free.lucaovascao.ravendb.cloud', OSError('Could not find the TLS certificate file, invalid path: C:\\Users\\Anderson\\Downloads\\free.lucaovascao.client.certificate\\PEM\\free.lucaovascao.client.certificate.pem'))])
INFO:root:[Errno 2] No such file or directory: '/mnt/c/Users/Anderson/Desktop/idea/data-sage/topology_files/5d2ee66752f4232d4904d6818d00df57.raven-topology'
DEBUG:root:('Failed to retrieve database topology from all known nodes', [('https://a.free.lucaovascao.ravendb.cloud', OSError('Could not find the TLS certificate file, invalid path: C:\\Users\\Anderson\\Downloads\\free.lucaovascao.client.certificate\\PEM\\free.lucaovascao.client.certificate.pfx'))])
INFO:root:[Errno 2] No such file or directory: '/mnt/c/Users/Anderson/Desktop/idea/data-sage/topology_files/5d2ee66752f4232d4904d6818d00df57.raven-topology'
DEBUG:root:('Failed to retrieve database topology from all known nodes', [('https://a.free.lucaovascao.ravendb.cloud', OSError('Could not find the TLS certificate file, invalid path: C:\\Users\\Anderson\\Downloads\\free.lucaovascao.client.certificate\\PEM\\free.lucaovascao.client.certificate.pem'))])
INFO:root:[Errno 2] No such file or directory: '/mnt/c/Users/Anderson/Desktop/idea/data-sage/topology_files/5d2ee66752f4232d4904d6818d00df57.raven-topology'
DEBUG:root:('Failed to retrieve database topology from all known nodes', [('https://a.free.lucaovascao.ravendb.cloud', OSError('Could not find the TLS certificate file, invalid path: C:/Users/Anderson/Downloads/free.lucaovascao.client.certificate/PEM/free.lucaovascao.client.certificate.pem'))])
DEBUG:urllib3.connectionpool:Starting new HTTPS connection (1): a.free.lucaovascao.ravendb.cloud:443
DEBUG:urllib3.connectionpool:https://a.free.lucaovascao.ravendb.cloud:443 "GET /topology?name=teste HTTP/11" 200 None
DEBUG:urllib3.connectionpool:Starting new HTTPS connection (1): a.free.lucaovascao.ravendb.cloud:443
DEBUG:urllib3.connectionpool:https://a.free.lucaovascao.ravendb.cloud:443 "GET /databases/teste/docs?&id=string HTTP/11" 404 0
DEBUG:urllib3.connectionpool:Starting new HTTPS connection (1): a.free.lucaovascao.ravendb.cloud:443
DEBUG:urllib3.connectionpool:https://a.free.lucaovascao.ravendb.cloud:443 "GET /databases/teste/hilo/next?tag=dicts&lastBatchSize=0&lastRangeAt=0001-01-01%2000:00:00&identityPartsSeparator=/&lastMax=0 HTTP/11" 201 None
DEBUG:urllib3.connectionpool:Starting new HTTPS connection (1): a.free.lucaovascao.ravendb.cloud:443
DEBUG:urllib3.connectionpool:https://a.free.lucaovascao.ravendb.cloud:443 "GET /topology?name=teste HTTP/11" 200 None
DEBUG:urllib3.connectionpool:Starting new HTTPS connection (1): a.free.lucaovascao.ravendb.cloud:443
DEBUG:urllib3.connectionpool:https://a.free.lucaovascao.ravendb.cloud:443 "GET /databases/teste/hilo/next?tag=dicts&lastBatchSize=0&lastRangeAt=0001-01-01%2000:00:00&identityPartsSeparator=/&lastMax=0 HTTP/11" 201 None
DEBUG:urllib3.connectionpool:Starting new HTTPS connection (1): a.free.lucaovascao.ravendb.cloud:443
DEBUG:urllib3.connectionpool:https://a.free.lucaovascao.ravendb.cloud:443 "GET /topology?name=teste HTTP/11" 200 None
DEBUG:urllib3.connectionpool:Starting new HTTPS connection (1): a.free.lucaovascao.ravendb.cloud:443
DEBUG:urllib3.connectionpool:https://a.free.lucaovascao.ravendb.cloud:443 "GET /databases/teste/hilo/next?tag=dicts&lastBatchSize=0&lastRangeAt=0001-01-01%2000:00:00&identityPartsSeparator=/&lastMax=0 HTTP/11" 201 None
DEBUG:urllib3.connectionpool:Starting new HTTPS connection (1): a.free.lucaovascao.ravendb.cloud:443
DEBUG:urllib3.connectionpool:https://a.free.lucaovascao.ravendb.cloud:443 "GET /topology?name=teste HTTP/11" 200 None
DEBUG:urllib3.connectionpool:Starting new HTTPS connection (1): a.free.lucaovascao.ravendb.cloud:443
DEBUG:urllib3.connectionpool:https://a.free.lucaovascao.ravendb.cloud:443 "GET /databases/teste/hilo/next?tag=dicts&lastBatchSize=0&lastRangeAt=0001-01-01%2000:00:00&identityPartsSeparator=/&lastMax=0 HTTP/11" 201 None
DEBUG:urllib3.connectionpool:Starting new HTTPS connection (1): a.free.lucaovascao.ravendb.cloud:443
DEBUG:urllib3.connectionpool:https://a.free.lucaovascao.ravendb.cloud:443 "GET /topology?name=teste HTTP/11" 200 None
DEBUG:urllib3.connectionpool:Starting new HTTPS connection (1): a.free.lucaovascao.ravendb.cloud:443
DEBUG:urllib3.connectionpool:https://a.free.lucaovascao.ravendb.cloud:443 "GET /databases/teste/hilo/next?tag=empresas&lastBatchSize=0&lastRangeAt=0001-01-01%2000:00:00&identityPartsSeparator=/&lastMax=0 HTTP/11" 201 None
DEBUG:urllib3.connectionpool:Starting new HTTPS connection (1): a.free.lucaovascao.ravendb.cloud:443
DEBUG:urllib3.connectionpool:https://a.free.lucaovascao.ravendb.cloud:443 "POST /databases/teste/bulk_docs HTTP/11" 201 None
DEBUG:urllib3.connectionpool:Starting new HTTPS connection (1): a.free.lucaovascao.ravendb.cloud:443
DEBUG:urllib3.connectionpool:https://a.free.lucaovascao.ravendb.cloud:443 "GET /databases/teste/docs?&id=string HTTP/11" 404 0
DEBUG:urllib3.connectionpool:Starting new HTTPS connection (1): a.free.lucaovascao.ravendb.cloud:443
DEBUG:urllib3.connectionpool:https://a.free.lucaovascao.ravendb.cloud:443 "POST /databases/teste/bulk_docs HTTP/11" 201 None
DEBUG:urllib3.connectionpool:Starting new HTTPS connection (1): a.free.lucaovascao.ravendb.cloud:443
DEBUG:urllib3.connectionpool:https://a.free.lucaovascao.ravendb.cloud:443 "POST /databases/teste/bulk_docs HTTP/11" 201 None
DEBUG:urllib3.connectionpool:Starting new HTTPS connection (1): a.free.lucaovascao.ravendb.cloud:443
DEBUG:urllib3.connectionpool:https://a.free.lucaovascao.ravendb.cloud:443 "GET /topology?name=teste HTTP/11" 200 None
DEBUG:urllib3.connectionpool:Starting new HTTPS connection (1): a.free.lucaovascao.ravendb.cloud:443
DEBUG:urllib3.connectionpool:https://a.free.lucaovascao.ravendb.cloud:443 "GET /databases/teste/hilo/next?tag=empresas&lastBatchSize=0&lastRangeAt=0001-01-01%2000:00:00&identityPartsSeparator=/&lastMax=0 HTTP/11" 201 None
DEBUG:urllib3.connectionpool:Starting new HTTPS connection (1): a.free.lucaovascao.ravendb.cloud:443
DEBUG:urllib3.connectionpool:https://a.free.lucaovascao.ravendb.cloud:443 "POST /databases/teste/bulk_docs HTTP/11" 201 None
DEBUG:urllib3.connectionpool:Starting new HTTPS connection (1): a.free.lucaovascao.ravendb.cloud:443
DEBUG:urllib3.connectionpool:https://a.free.lucaovascao.ravendb.cloud:443 "GET /databases/teste/docs?&id=4 HTTP/11" 404 0
DEBUG:urllib3.connectionpool:Starting new HTTPS connection (1): a.free.lucaovascao.ravendb.cloud:443
DEBUG:urllib3.connectionpool:https://a.free.lucaovascao.ravendb.cloud:443 "GET /databases/teste/docs?&id=4 HTTP/11" 404 0
DEBUG:urllib3.connectionpool:Starting new HTTPS connection (1): a.free.lucaovascao.ravendb.cloud:443
DEBUG:urllib3.connectionpool:https://a.free.lucaovascao.ravendb.cloud:443 "GET /databases/teste/docs?&id=4 HTTP/11" 404 0
DEBUG:urllib3.connectionpool:Starting new HTTPS connection (1): a.free.lucaovascao.ravendb.cloud:443
DEBUG:urllib3.connectionpool:https://a.free.lucaovascao.ravendb.cloud:443 "GET /topology?name=teste HTTP/11" 200 None
DEBUG:urllib3.connectionpool:Starting new HTTPS connection (1): a.free.lucaovascao.ravendb.cloud:443
DEBUG:urllib3.connectionpool:https://a.free.lucaovascao.ravendb.cloud:443 "GET /databases/teste/hilo/next?tag=empresas&lastBatchSize=0&lastRangeAt=0001-01-01%2000:00:00&identityPartsSeparator=/&lastMax=0 HTTP/11" 201 None
DEBUG:urllib3.connectionpool:Starting new HTTPS connection (1): a.free.lucaovascao.ravendb.cloud:443
DEBUG:urllib3.connectionpool:https://a.free.lucaovascao.ravendb.cloud:443 "POST /databases/teste/bulk_docs HTTP/11" 201 None
DEBUG:urllib3.connectionpool:Starting new HTTPS connection (1): a.free.lucaovascao.ravendb.cloud:443
DEBUG:urllib3.connectionpool:https://a.free.lucaovascao.ravendb.cloud:443 "POST /databases/teste/bulk_docs HTTP/11" 201 None
DEBUG:urllib3.connectionpool:Starting new HTTPS connection (1): a.free.lucaovascao.ravendb.cloud:443
DEBUG:urllib3.connectionpool:https://a.free.lucaovascao.ravendb.cloud:443 "GET /topology?name=teste HTTP/11" 200 None
DEBUG:urllib3.connectionpool:Starting new HTTPS connection (1): a.free.lucaovascao.ravendb.cloud:443
DEBUG:urllib3.connectionpool:https://a.free.lucaovascao.ravendb.cloud:443 "GET /databases/teste/hilo/next?tag=empresas&lastBatchSize=0&lastRangeAt=0001-01-01%2000:00:00&identityPartsSeparator=-&lastMax=0 HTTP/11" 201 None
DEBUG:urllib3.connectionpool:Starting new HTTPS connection (1): a.free.lucaovascao.ravendb.cloud:443
DEBUG:urllib3.connectionpool:https://a.free.lucaovascao.ravendb.cloud:443 "POST /databases/teste/bulk_docs HTTP/11" 201 None
DEBUG:urllib3.connectionpool:Starting new HTTPS connection (1): a.free.lucaovascao.ravendb.cloud:443
DEBUG:urllib3.connectionpool:https://a.free.lucaovascao.ravendb.cloud:443 "POST /databases/teste/bulk_docs HTTP/11" 201 None
DEBUG:urllib3.connectionpool:Starting new HTTPS connection (1): a.free.lucaovascao.ravendb.cloud:443
DEBUG:urllib3.connectionpool:https://a.free.lucaovascao.ravendb.cloud:443 "GET /databases/teste/docs?&id=empresas-97-A HTTP/11" 200 None
DEBUG:urllib3.connectionpool:Starting new HTTPS connection (1): a.free.lucaovascao.ravendb.cloud:443
DEBUG:urllib3.connectionpool:https://a.free.lucaovascao.ravendb.cloud:443 "GET /topology?name=teste HTTP/11" 200 None
DEBUG:urllib3.connectionpool:Starting new HTTPS connection (1): a.free.lucaovascao.ravendb.cloud:443
DEBUG:urllib3.connectionpool:https://a.free.lucaovascao.ravendb.cloud:443 "GET /databases/teste/docs?&id=empresas-97-A HTTP/11" 200 None
DEBUG:urllib3.connectionpool:Starting new HTTPS connection (1): a.free.lucaovascao.ravendb.cloud:443
DEBUG:urllib3.connectionpool:https://a.free.lucaovascao.ravendb.cloud:443 "GET /topology?name=teste HTTP/11" 200 None
DEBUG:urllib3.connectionpool:Starting new HTTPS connection (1): a.free.lucaovascao.ravendb.cloud:443
DEBUG:urllib3.connectionpool:https://a.free.lucaovascao.ravendb.cloud:443 "GET /databases/teste/docs?&id=empresas-97-A HTTP/11" 200 None
DEBUG:urllib3.connectionpool:Starting new HTTPS connection (1): a.free.lucaovascao.ravendb.cloud:443
DEBUG:urllib3.connectionpool:https://a.free.lucaovascao.ravendb.cloud:443 "GET /topology?name=teste HTTP/11" 200 None
DEBUG:urllib3.connectionpool:Starting new HTTPS connection (1): a.free.lucaovascao.ravendb.cloud:443
DEBUG:urllib3.connectionpool:https://a.free.lucaovascao.ravendb.cloud:443 "GET /databases/teste/docs?&id=empresas-97-A HTTP/11" 200 None
DEBUG:urllib3.connectionpool:Starting new HTTPS connection (1): a.free.lucaovascao.ravendb.cloud:443
DEBUG:urllib3.connectionpool:https://a.free.lucaovascao.ravendb.cloud:443 "GET /databases/teste/docs?&id=empresas-97-A HTTP/11" 200 None
DEBUG:urllib3.connectionpool:Starting new HTTPS connection (1): a.free.lucaovascao.ravendb.cloud:443
DEBUG:urllib3.connectionpool:https://a.free.lucaovascao.ravendb.cloud:443 "GET /topology?name=teste HTTP/11" 200 None
DEBUG:urllib3.connectionpool:Starting new HTTPS connection (1): a.free.lucaovascao.ravendb.cloud:443
DEBUG:urllib3.connectionpool:https://a.free.lucaovascao.ravendb.cloud:443 "GET /databases/teste/docs?&id=empresas-97-A HTTP/11" 200 None
DEBUG:urllib3.connectionpool:Starting new HTTPS connection (1): a.free.lucaovascao.ravendb.cloud:443
DEBUG:urllib3.connectionpool:https://a.free.lucaovascao.ravendb.cloud:443 "GET /topology?name=teste HTTP/11" 200 None
DEBUG:urllib3.connectionpool:Starting new HTTPS connection (1): a.free.lucaovascao.ravendb.cloud:443
DEBUG:urllib3.connectionpool:https://a.free.lucaovascao.ravendb.cloud:443 "GET /databases/teste/docs?&id=empresas-97-A HTTP/11" 200 None
DEBUG:urllib3.connectionpool:Starting new HTTPS connection (1): a.free.lucaovascao.ravendb.cloud:443
DEBUG:urllib3.connectionpool:https://a.free.lucaovascao.ravendb.cloud:443 "GET /topology?name=teste HTTP/11" 200 None
DEBUG:urllib3.connectionpool:Starting new HTTPS connection (1): a.free.lucaovascao.ravendb.cloud:443
DEBUG:urllib3.connectionpool:https://a.free.lucaovascao.ravendb.cloud:443 "GET /databases/teste/docs?&id=empresas-97-A HTTP/11" 200 None
DEBUG:urllib3.connectionpool:Starting new HTTPS connection (1): a.free.lucaovascao.ravendb.cloud:443
DEBUG:urllib3.connectionpool:https://a.free.lucaovascao.ravendb.cloud:443 "GET /topology?name=teste HTTP/11" 200 None
DEBUG:urllib3.connectionpool:Starting new HTTPS connection (1): a.free.lucaovascao.ravendb.cloud:443
DEBUG:urllib3.connectionpool:https://a.free.lucaovascao.ravendb.cloud:443 "GET /databases/teste/docs?&id=empresas-97-A HTTP/11" 200 None
DEBUG:urllib3.connectionpool:Starting new HTTPS connection (1): a.free.lucaovascao.ravendb.cloud:443
DEBUG:urllib3.connectionpool:https://a.free.lucaovascao.ravendb.cloud:443 "GET /topology?name=teste HTTP/11" 200 None
DEBUG:urllib3.connectionpool:Starting new HTTPS connection (1): a.free.lucaovascao.ravendb.cloud:443
DEBUG:urllib3.connectionpool:https://a.free.lucaovascao.ravendb.cloud:443 "GET /databases/teste/docs?&id=empresas-97-A HTTP/11" 200 None
DEBUG:urllib3.connectionpool:Starting new HTTPS connection (1): a.free.lucaovascao.ravendb.cloud:443
DEBUG:urllib3.connectionpool:https://a.free.lucaovascao.ravendb.cloud:443 "GET /topology?name=teste HTTP/11" 200 None
DEBUG:urllib3.connectionpool:Starting new HTTPS connection (1): a.free.lucaovascao.ravendb.cloud:443
DEBUG:urllib3.connectionpool:https://a.free.lucaovascao.ravendb.cloud:443 "GET /databases/teste/docs?&id=empresas-97-A HTTP/11" 200 None
DEBUG:urllib3.connectionpool:Starting new HTTPS connection (1): a.free.lucaovascao.ravendb.cloud:443
DEBUG:urllib3.connectionpool:https://a.free.lucaovascao.ravendb.cloud:443 "POST /databases/teste/bulk_docs HTTP/11" 201 None
DEBUG:urllib3.connectionpool:Starting new HTTPS connection (1): a.free.lucaovascao.ravendb.cloud:443
DEBUG:urllib3.connectionpool:https://a.free.lucaovascao.ravendb.cloud:443 "GET /databases/teste/hilo/next?tag=empresas&lastBatchSize=0&lastRangeAt=0001-01-01%2000:00:00&identityPartsSeparator=-&lastMax=0 HTTP/11" 201 None
DEBUG:urllib3.connectionpool:Starting new HTTPS connection (1): a.free.lucaovascao.ravendb.cloud:443
DEBUG:urllib3.connectionpool:https://a.free.lucaovascao.ravendb.cloud:443 "POST /databases/teste/bulk_docs HTTP/11" 201 None
DEBUG:urllib3.connectionpool:Starting new HTTPS connection (1): a.free.lucaovascao.ravendb.cloud:443
DEBUG:urllib3.connectionpool:https://a.free.lucaovascao.ravendb.cloud:443 "POST /databases/teste/bulk_docs HTTP/11" 201 None
DEBUG:urllib3.connectionpool:Starting new HTTPS connection (1): a.free.lucaovascao.ravendb.cloud:443
DEBUG:urllib3.connectionpool:https://a.free.lucaovascao.ravendb.cloud:443 "GET /topology?name=teste HTTP/11" 200 None
DEBUG:urllib3.connectionpool:Starting new HTTPS connection (1): a.free.lucaovascao.ravendb.cloud:443
DEBUG:urllib3.connectionpool:https://a.free.lucaovascao.ravendb.cloud:443 "GET /databases/teste/docs?&id=%22empresas-129-A%22 HTTP/11" 404 0
DEBUG:urllib3.connectionpool:Starting new HTTPS connection (1): a.free.lucaovascao.ravendb.cloud:443
DEBUG:urllib3.connectionpool:https://a.free.lucaovascao.ravendb.cloud:443 "GET /databases/teste/docs?&id=empresas-129-A HTTP/11" 200 None
DEBUG:urllib3.connectionpool:Starting new HTTPS connection (1): a.free.lucaovascao.ravendb.cloud:443
DEBUG:urllib3.connectionpool:https://a.free.lucaovascao.ravendb.cloud:443 "POST /databases/teste/bulk_docs HTTP/11" 201 None
DEBUG:urllib3.connectionpool:Starting new HTTPS connection (1): a.free.lucaovascao.ravendb.cloud:443
DEBUG:urllib3.connectionpool:https://a.free.lucaovascao.ravendb.cloud:443 "GET /topology?name=teste HTTP/11" 200 None
DEBUG:urllib3.connectionpool:Starting new HTTPS connection (1): a.free.lucaovascao.ravendb.cloud:443
DEBUG:urllib3.connectionpool:https://a.free.lucaovascao.ravendb.cloud:443 "GET /databases/teste/hilo/next?tag=empresas&lastBatchSize=0&lastRangeAt=0001-01-01%2000:00:00&identityPartsSeparator=-&lastMax=0 HTTP/11" 201 None
DEBUG:urllib3.connectionpool:Starting new HTTPS connection (1): a.free.lucaovascao.ravendb.cloud:443
DEBUG:urllib3.connectionpool:https://a.free.lucaovascao.ravendb.cloud:443 "POST /databases/teste/bulk_docs HTTP/11" 201 None
DEBUG:urllib3.connectionpool:Starting new HTTPS connection (1): a.free.lucaovascao.ravendb.cloud:443
DEBUG:urllib3.connectionpool:https://a.free.lucaovascao.ravendb.cloud:443 "POST /databases/teste/bulk_docs HTTP/11" 201 None
DEBUG:urllib3.connectionpool:Starting new HTTPS connection (1): a.free.lucaovascao.ravendb.cloud:443
DEBUG:urllib3.connectionpool:https://a.free.lucaovascao.ravendb.cloud:443 "GET /databases/teste/docs?&id=empresas-161-A HTTP/11" 200 None
DEBUG:urllib3.connectionpool:Starting new HTTPS connection (1): a.free.lucaovascao.ravendb.cloud:443
DEBUG:urllib3.connectionpool:https://a.free.lucaovascao.ravendb.cloud:443 "GET /topology?name=teste HTTP/11" 200 None
DEBUG:urllib3.connectionpool:Starting new HTTPS connection (1): a.free.lucaovascao.ravendb.cloud:443
DEBUG:urllib3.connectionpool:https://a.free.lucaovascao.ravendb.cloud:443 "GET /databases/teste/hilo/next?tag=empresas&lastBatchSize=0&lastRangeAt=0001-01-01%2000:00:00&identityPartsSeparator=-&lastMax=0 HTTP/11" 201 None
DEBUG:urllib3.connectionpool:Starting new HTTPS connection (1): a.free.lucaovascao.ravendb.cloud:443
DEBUG:urllib3.connectionpool:https://a.free.lucaovascao.ravendb.cloud:443 "POST /databases/teste/bulk_docs HTTP/11" 201 None
DEBUG:urllib3.connectionpool:Starting new HTTPS connection (1): a.free.lucaovascao.ravendb.cloud:443
DEBUG:urllib3.connectionpool:https://a.free.lucaovascao.ravendb.cloud:443 "POST /databases/teste/bulk_docs HTTP/11" 201 None
DEBUG:urllib3.connectionpool:Starting new HTTPS connection (1): a.free.lucaovascao.ravendb.cloud:443
DEBUG:urllib3.connectionpool:https://a.free.lucaovascao.ravendb.cloud:443 "GET /databases/teste/docs?&id=empresas-193-A HTTP/11" 200 None
DEBUG:urllib3.connectionpool:Starting new HTTPS connection (1): a.free.lucaovascao.ravendb.cloud:443
DEBUG:urllib3.connectionpool:https://a.free.lucaovascao.ravendb.cloud:443 "GET /databases/teste/docs?&id=empresas-193-A HTTP/11" 200 None
DEBUG:urllib3.connectionpool:Starting new HTTPS connection (1): a.free.lucaovascao.ravendb.cloud:443
DEBUG:urllib3.connectionpool:https://a.free.lucaovascao.ravendb.cloud:443 "POST /databases/teste/bulk_docs HTTP/11" 201 None
DEBUG:urllib3.connectionpool:Starting new HTTPS connection (1): a.free.lucaovascao.ravendb.cloud:443
DEBUG:urllib3.connectionpool:https://a.free.lucaovascao.ravendb.cloud:443 "GET /databases/teste/docs?&id=empresas-193-A HTTP/11" 200 None
DEBUG:urllib3.connectionpool:Starting new HTTPS connection (1): a.free.lucaovascao.ravendb.cloud:443
DEBUG:urllib3.connectionpool:https://a.free.lucaovascao.ravendb.cloud:443 "GET /topology?name=teste HTTP/11" 200 None
DEBUG:urllib3.connectionpool:Starting new HTTPS connection (1): a.free.lucaovascao.ravendb.cloud:443
DEBUG:urllib3.connectionpool:https://a.free.lucaovascao.ravendb.cloud:443 "GET /databases/teste/hilo/next?tag=empresas&lastBatchSize=0&lastRangeAt=0001-01-01%2000:00:00&identityPartsSeparator=-&lastMax=0 HTTP/11" 201 None
DEBUG:urllib3.connectionpool:Starting new HTTPS connection (1): a.free.lucaovascao.ravendb.cloud:443
DEBUG:urllib3.connectionpool:https://a.free.lucaovascao.ravendb.cloud:443 "POST /databases/teste/bulk_docs HTTP/11" 201 None
DEBUG:urllib3.connectionpool:Starting new HTTPS connection (1): a.free.lucaovascao.ravendb.cloud:443
DEBUG:urllib3.connectionpool:https://a.free.lucaovascao.ravendb.cloud:443 "POST /databases/teste/bulk_docs HTTP/11" 201 None
DEBUG:urllib3.connectionpool:Starting new HTTPS connection (1): a.free.lucaovascao.ravendb.cloud:443
DEBUG:urllib3.connectionpool:https://a.free.lucaovascao.ravendb.cloud:443 "GET /topology?name=teste HTTP/11" 200 None
DEBUG:urllib3.connectionpool:Starting new HTTPS connection (1): a.free.lucaovascao.ravendb.cloud:443
DEBUG:urllib3.connectionpool:https://a.free.lucaovascao.ravendb.cloud:443 "GET /databases/teste/hilo/next?tag=empresas&lastBatchSize=0&lastRangeAt=0001-01-01%2000:00:00&identityPartsSeparator=-&lastMax=0 HTTP/11" 201 None
DEBUG:urllib3.connectionpool:Starting new HTTPS connection (1): a.free.lucaovascao.ravendb.cloud:443
DEBUG:urllib3.connectionpool:https://a.free.lucaovascao.ravendb.cloud:443 "POST /databases/teste/bulk_docs HTTP/11" 201 None
DEBUG:urllib3.connectionpool:Starting new HTTPS connection (1): a.free.lucaovascao.ravendb.cloud:443
DEBUG:urllib3.connectionpool:https://a.free.lucaovascao.ravendb.cloud:443 "POST /databases/teste/bulk_docs HTTP/11" 201 None
DEBUG:urllib3.connectionpool:Starting new HTTPS connection (1): a.free.lucaovascao.ravendb.cloud:443
DEBUG:urllib3.connectionpool:https://a.free.lucaovascao.ravendb.cloud:443 "GET /databases/teste/docs?&id=empresas-257-A HTTP/11" 200 None
DEBUG:urllib3.connectionpool:Starting new HTTPS connection (1): a.free.lucaovascao.ravendb.cloud:443
DEBUG:urllib3.connectionpool:https://a.free.lucaovascao.ravendb.cloud:443 "GET /databases/teste/docs?&id=empresas-257-A HTTP/11" 200 None
DEBUG:urllib3.connectionpool:Starting new HTTPS connection (1): a.free.lucaovascao.ravendb.cloud:443
DEBUG:urllib3.connectionpool:https://a.free.lucaovascao.ravendb.cloud:443 "POST /databases/teste/bulk_docs HTTP/11" 201 None
DEBUG:urllib3.connectionpool:Starting new HTTPS connection (1): a.free.lucaovascao.ravendb.cloud:443
DEBUG:urllib3.connectionpool:https://a.free.lucaovascao.ravendb.cloud:443 "GET /databases/teste/docs?&id=empresas-257-A HTTP/11" 200 None
